2024-03-10 00:50:55,612 - INFO - Logging configured.
2024-03-10 00:50:55,613 - INFO - CommandHandler initialized.
2024-03-10 00:50:55,617 - INFO - Found plugin: calculator
2024-03-10 00:50:55,621 - INFO - Command 'calculator' registered.
2024-03-10 00:50:55,621 - INFO - Registered command: calculator
2024-03-10 00:50:55,621 - INFO - Found plugin: discord
2024-03-10 00:50:55,622 - INFO - Command 'discord' registered.
2024-03-10 00:50:55,622 - INFO - Registered command: discord
2024-03-10 00:50:55,622 - INFO - Found plugin: email
2024-03-10 00:50:55,622 - INFO - Command 'email' registered.
2024-03-10 00:50:55,622 - INFO - Registered command: email
2024-03-10 00:50:55,623 - INFO - Found plugin: exit
2024-03-10 00:50:55,623 - INFO - Command 'exit' registered.
2024-03-10 00:50:55,623 - INFO - Registered command: exit
2024-03-10 00:50:55,623 - INFO - Found plugin: goodbye
2024-03-10 00:50:55,624 - INFO - Command 'goodbye' registered.
2024-03-10 00:50:55,624 - INFO - Registered command: goodbye
2024-03-10 00:50:55,624 - INFO - Found plugin: greet
2024-03-10 00:50:55,625 - INFO - Command 'greet' registered.
2024-03-10 00:50:55,625 - INFO - Registered command: greet
2024-03-10 00:50:55,625 - INFO - Found plugin: menu
2024-03-10 00:50:55,625 - INFO - Command 'menu' registered.
2024-03-10 00:50:55,625 - INFO - Application starting...
2024-03-10 00:50:55,625 - INFO - Listing available commands.
2024-03-10 00:51:06,082 - INFO - Executing command: calculator
2024-03-10 00:51:09,738 - INFO - Executing calculator operation: Add
2024-03-10 00:51:09,739 - INFO - Executing Add command.
2024-03-10 00:51:12,284 - INFO - Addition result: 7.0
2024-03-10 00:51:16,766 - WARNING - Invalid selection in CalculatorCommand.
2024-03-10 00:51:20,594 - INFO - User selected to go back from CalculatorCommand.
2024-03-10 00:51:20,595 - INFO - Listing available commands.
2024-03-10 00:51:22,772 - INFO - Exiting application.
